[2021-08-04 15-37-20] Текст ошибки: Страница не найдена | Файл: W:\domains\ishop\public\index.php | Строка: 8 
 ================================================= 
[2021-08-04 15-37-20] Текст ошибки: Страница не найдена | Файл: W:\domains\ishop\public\index.php | Строка: 8 
 ================================================= 
[2021-08-04 15-37-44] Текст ошибки: Страница не найдена | Файл: W:\domains\ishop\public\index.php | Строка: 8 
 ================================================= 
[2021-08-04 15-38-06] Текст ошибки: Страница не найдена | Файл: W:\domains\ishop\public\index.php | Строка: 8 
 ================================================= 
[2021-08-04 15-38-29] Текст ошибки: Страница не найдена | Файл: W:\domains\ishop\public\index.php | Строка: 8 
 ================================================= 
[2021-08-04 15-52-44] Текст ошибки: Страница не найдена | Файл: W:\domains\ishop\public\index.php | Строка: 8 
 ================================================= 
[2021-08-04 15-52-46] Текст ошибки: Страница не найдена | Файл: W:\domains\ishop\public\index.php | Строка: 8 
 ================================================= 
[2021-08-04 15-53-05] Текст ошибки: Страница не найдена | Файл: W:\domains\ishop\public\index.php | Строка: 8 
 ================================================= 
[2021-08-04 15-53-07] Текст ошибки: Страница не найдена | Файл: W:\domains\ishop\public\index.php | Строка: 8 
 ================================================= 
[2021-08-04 15-53-08] Текст ошибки: Страница не найдена | Файл: W:\domains\ishop\public\index.php | Строка: 8 
 ================================================= 
[2021-08-04 15-59-52] Текст ошибки: Страница не найдена | Файл: W:\domains\ishop\public\index.php | Строка: 8 
 ================================================= 
[2021-08-04 16-00-15] Текст ошибки: Страница не найдена | Файл: W:\domains\ishop\public\index.php | Строка: 8 
 ================================================= 
[2021-08-04 16-02-11] Текст ошибки: Страница не найдена | Файл: W:\domains\ishop\public\index.php | Строка: 8 
 ================================================= 
[2021-08-04 16-02-37] Текст ошибки: Страница не найдена | Файл: W:\domains\ishop\public\index.php | Строка: 8 
 ================================================= 
[2021-08-04 16-02-51] Текст ошибки: Страница не найдена | Файл: W:\domains\ishop\public\index.php | Строка: 8 
 ================================================= 
[2021-08-04 16-03-08] Текст ошибки: Страница не найдена | Файл: W:\domains\ishop\public\index.php | Строка: 8 
 ================================================= 
[2021-08-04 16-04-09] Текст ошибки: Страница не найдена | Файл: W:\domains\ishop\public\index.php | Строка: 8 
 ================================================= 
[2021-08-04 16-04-56] Текст ошибки: Страница не найдена | Файл: W:\domains\ishop\public\index.php | Строка: 8 
 ================================================= 
[2021-08-04 16-05-17] Текст ошибки: Страница не найдена | Файл: W:\domains\ishop\public\index.php | Строка: 8 
 ================================================= 
[2021-08-04 16-05-38] Текст ошибки: Страница не найдена | Файл: W:\domains\ishop\public\index.php | Строка: 8 
 ================================================= 
[2021-08-04 16-05-45] Текст ошибки: Страница не найдена | Файл: W:\domains\ishop\public\index.php | Строка: 8 
 ================================================= 
[2021-08-04 16-06-47] Текст ошибки: Страница не найдена | Файл: W:\domains\ishop\public\index.php | Строка: 8 
 ================================================= 
[2021-08-05 10-12-11] Текст ошибки: Страница не найдена | Файл: W:\domains\ishop\public\index.php | Строка: 8 
 ================================================= 
[2021-08-05 10-12-11] Текст ошибки: Страница не найдена | Файл: W:\domains\ishop\public\index.php | Строка: 8 
 ================================================= 
[2021-08-05 12-54-40] Текст ошибки: Страница не найдена | Файл: W:\domains\ishop\public\index.php | Строка: 9 
 ================================================= 
[2021-08-05 12-54-54] Текст ошибки: Страница не найдена | Файл: W:\domains\ishop\public\index.php | Строка: 9 
 ================================================= 
[2021-08-05 12-54-59] Текст ошибки: Страница не найдена | Файл: W:\domains\ishop\public\index.php | Строка: 9 
 ================================================= 
[2021-08-05 12-55-15] Текст ошибки: Страница не найдена | Файл: W:\domains\ishop\public\index.php | Строка: 9 
 ================================================= 
[2021-08-05 15-40-51] Текст ошибки: Страница не найдена | Файл: W:\domains\ishop\vendor\ishop\core\Router.php | Строка: 30 
 ================================================= 
[2021-08-05 15-41-04] Текст ошибки: Страница не найдена | Файл: W:\domains\ishop\vendor\ishop\core\Router.php | Строка: 30 
 ================================================= 
[2021-08-05 15-41-46] Текст ошибки: Страница не найдена | Файл: W:\domains\ishop\vendor\ishop\core\Router.php | Строка: 30 
 ================================================= 
[2021-08-05 15-41-57] Текст ошибки: Страница не найдена | Файл: W:\domains\ishop\vendor\ishop\core\Router.php | Строка: 30 
 ================================================= 
[2021-08-05 17-41-00] Текст ошибки: Контроллер $controller не найден | Файл: W:\domains\ishop\vendor\ishop\core\Router.php | Строка: 33 
 ================================================= 
[2021-08-05 17-41-07] Текст ошибки: Контроллер $controller не найден | Файл: W:\domains\ishop\vendor\ishop\core\Router.php | Строка: 33 
 ================================================= 
[2021-08-05 17-41-08] Текст ошибки: Контроллер $controller не найден | Файл: W:\domains\ishop\vendor\ishop\core\Router.php | Строка: 33 
 ================================================= 
[2021-08-05 17-42-44] Текст ошибки: Контроллер $controller не найден | Файл: W:\domains\ishop\vendor\ishop\core\Router.php | Строка: 33 
 ================================================= 
[2021-08-05 17-43-15] Текст ошибки: Class 'app\controllers\MainController' not found | Файл: W:\domains\ishop\vendor\ishop\core\Router.php | Строка: 30 
 ================================================= 
[2021-08-05 17-44-09] Текст ошибки: Контроллер $controller не найден | Файл: W:\domains\ishop\vendor\ishop\core\Router.php | Строка: 33 
 ================================================= 
[2021-08-05 17-46-43] Текст ошибки: Контроллер $controller не найден | Файл: W:\domains\ishop\vendor\ishop\core\Router.php | Строка: 38 
 ================================================= 
[2021-08-05 17-47-55] Текст ошибки: Контроллер app\controllers\MainController не найден | Файл: W:\domains\ishop\vendor\ishop\core\Router.php | Строка: 38 
 ================================================= 
[2021-08-05 17-48-48] Текст ошибки: Контроллер app\controllers\MainController не найден | Файл: W:\domains\ishop\vendor\ishop\core\Router.php | Строка: 38 
 ================================================= 
[2021-08-05 17-49-21] Текст ошибки: Контроллер app\controllers\MainController не найден | Файл: W:\domains\ishop\vendor\ishop\core\Router.php | Строка: 38 
 ================================================= 
[2021-08-05 17-50-54] Текст ошибки: Undefined class constant 'route' | Файл: W:\domains\ishop\vendor\ishop\core\Router.php | Строка: 30 
 ================================================= 
[2021-08-05 17-51-22] Текст ошибки: Метод app\controllers\MainController::indexAction не найден | Файл: W:\domains\ishop\vendor\ishop\core\Router.php | Строка: 35 
 ================================================= 
[2021-08-05 17-52-41] Текст ошибки: Метод app\controllers\MainController::indexAction не найден | Файл: W:\domains\ishop\vendor\ishop\core\Router.php | Строка: 35 
 ================================================= 
[2021-08-05 17-52-43] Текст ошибки: Метод app\controllers\MainController::indexAction не найден | Файл: W:\domains\ishop\vendor\ishop\core\Router.php | Строка: 35 
 ================================================= 
[2021-08-05 17-52-55] Текст ошибки: Call to undefined method app\controllers\MainController::action() | Файл: W:\domains\ishop\vendor\ishop\core\Router.php | Строка: 33 
 ================================================= 
[2021-08-05 17-54-57] Текст ошибки: Контроллер app\controllers\PageController не найден | Файл: W:\domains\ishop\vendor\ishop\core\Router.php | Строка: 38 
 ================================================= 
[2021-08-05 17-57-25] Текст ошибки: Контроллер app\controllers\PageController не найден | Файл: W:\domains\ishop\vendor\ishop\core\Router.php | Строка: 38 
 ================================================= 
